0 info it worked if it ends with ok
1 verbose cli [ '/usr/local/bin/node', '/usr/local/bin/npm', 'publish' ]
2 info using npm@2.14.12
3 info using node@v4.2.6
4 verbose publish [ '.' ]
5 silly cache add args [ '.', null ]
6 verbose cache add spec .
7 silly cache add parsed spec Result {
7 silly cache add   raw: '.',
7 silly cache add   scope: null,
7 silly cache add   name: null,
7 silly cache add   rawSpec: '.',
7 silly cache add   spec: '/Users/ywbshiwo/Work/react-timer',
7 silly cache add   type: 'directory' }
8 verbose addLocalDirectory /Users/ywbshiwo/.npm/react-time-format/0.0.1/package.tgz not in flight; packing
9 verbose tar pack [ '/Users/ywbshiwo/.npm/react-time-format/0.0.1/package.tgz',
9 verbose tar pack   '/Users/ywbshiwo/Work/react-timer' ]
10 verbose tarball /Users/ywbshiwo/.npm/react-time-format/0.0.1/package.tgz
11 verbose folder /Users/ywbshiwo/Work/react-timer
12 info prepublish react-time-format@0.0.1
13 verbose addLocalTarball adding from inside cache /Users/ywbshiwo/.npm/react-time-format/0.0.1/package.tgz
14 silly cache afterAdd react-time-format@0.0.1
15 verbose afterAdd /Users/ywbshiwo/.npm/react-time-format/0.0.1/package/package.json not in flight; writing
16 verbose afterAdd /Users/ywbshiwo/.npm/react-time-format/0.0.1/package/package.json written
17 silly publish { name: 'react-time-format',
17 silly publish   version: '0.0.1',
17 silly publish   description: 'Component for React to render dates by using html <span> element ,and simply do not need moment,only depend on React.Small and simple , only 3kb(uncompressed).',
17 silly publish   main: 'index.js',
17 silly publish   scripts: { test: 'echo "Error: no test specified" && exit 1' },
17 silly publish   repository:
17 silly publish    { type: 'git',
17 silly publish      url: 'git+https://github.com/wbye/react-timer.git' },
17 silly publish   keywords: [ 'React', 'React-Component', 'Time', 'Format', 'Time-Format' ],
17 silly publish   author: { name: 'wbye' },
17 silly publish   license: 'ISC',
17 silly publish   bugs: { url: 'https://github.com/wbye/react-timer/issues' },
17 silly publish   homepage: 'https://github.com/wbye/react-timer#readme',
17 silly publish   readme: 'React Time Format\n==========\n\nComponent for React to render dates by using html <span> element ,and simply do not need moment,only depend on React.Small and simple , only 3kb(uncompressed).\n\nInstallation\n------------\n\n    % npm install react-time-format --save-dev\n\nUsage\n------------\n\n```jsx\nimport React from \'react\'\nimport Time from \'react-time-format\'\n\nclass MyComponent extends React.Component {\n\n  render() {\n    let now = new Date();\n    return (\n      <div>\n        <p>Today is <Time value={now} format="YYYY/MM/DD" /></p>\n        <p>Today is <Time value={Date.now()} format="YYYY-MM-DD" /></p>\n      </div>\n    )\n  }\n}\n```\n\n[React]: https://facebook.github.io/react/\n[react-time-format]: https://wbye.github.io/react-timer',
17 silly publish   readmeFilename: 'README.md',
17 silly publish   gitHead: 'e9ef3d9f786c3531888933f6b8468b98e9b41df0',
17 silly publish   _id: 'react-time-format@0.0.1',
17 silly publish   _shasum: '41f065433dc64f2b9f292a3260a381b1002f34d0',
17 silly publish   _from: '.' }
18 verbose getPublishConfig undefined
19 silly mapToRegistry name react-time-format
20 silly mapToRegistry using default registry
21 silly mapToRegistry registry http://registry.npmjs.org/
22 silly mapToRegistry uri http://registry.npmjs.org/react-time-format
23 verbose publish registryBase http://registry.npmjs.org/
24 silly publish uploading /Users/ywbshiwo/.npm/react-time-format/0.0.1/package.tgz
25 verbose request uri http://registry.npmjs.org/react-time-format
26 verbose request sending authorization for write operation
27 info attempt registry request try #1 at 20:03:56
28 verbose request using bearer token for auth
29 verbose request id 4fa7980fc3237bb3
30 http request PUT http://registry.npmjs.org/react-time-format
31 http 403 http://registry.npmjs.org/react-time-format
32 verbose headers { 'content-type': 'application/json',
32 verbose headers   'cache-control': 'max-age=300',
32 verbose headers   'content-length': '95',
32 verbose headers   'accept-ranges': 'bytes',
32 verbose headers   date: 'Mon, 03 Oct 2016 12:03:58 GMT',
32 verbose headers   via: '1.1 varnish',
32 verbose headers   connection: 'keep-alive',
32 verbose headers   'x-served-by': 'cache-ams4141-AMS',
32 verbose headers   'x-cache': 'MISS',
32 verbose headers   'x-cache-hits': '0',
32 verbose headers   'x-timer': 'S1475496237.153108,VS0,VE961',
32 verbose headers   vary: 'Accept-Encoding' }
33 verbose request invalidating /Users/ywbshiwo/.npm/registry.npmjs.org/react-time-format on PUT
34 error publish Failed PUT 403
35 verbose stack Error: "You cannot publish over the previously published version 0.0.1." : react-time-format
35 verbose stack     at makeError (/usr/local/lib/node_modules/npm/node_modules/npm-registry-client/lib/request.js:264:12)
35 verbose stack     at CachingRegistryClient.<anonymous> (/usr/local/lib/node_modules/npm/node_modules/npm-registry-client/lib/request.js:252:14)
35 verbose stack     at Request._callback (/usr/local/lib/node_modules/npm/node_modules/npm-registry-client/lib/request.js:172:14)
35 verbose stack     at Request.self.callback (/usr/local/lib/node_modules/npm/node_modules/request/request.js:198:22)
35 verbose stack     at emitTwo (events.js:87:13)
35 verbose stack     at Request.emit (events.js:172:7)
35 verbose stack     at Request.<anonymous> (/usr/local/lib/node_modules/npm/node_modules/request/request.js:1082:10)
35 verbose stack     at emitOne (events.js:82:20)
35 verbose stack     at Request.emit (events.js:169:7)
35 verbose stack     at IncomingMessage.<anonymous> (/usr/local/lib/node_modules/npm/node_modules/request/request.js:1009:12)
36 verbose statusCode 403
37 verbose pkgid react-time-format
38 verbose cwd /Users/ywbshiwo/Work/react-timer
39 error Darwin 14.5.0
40 error argv "/usr/local/bin/node" "/usr/local/bin/npm" "publish"
41 error node v4.2.6
42 error npm  v2.14.12
43 error code E403
44 error "You cannot publish over the previously published version 0.0.1." : react-time-format
45 error If you need help, you may report this error at:
45 error     <https://github.com/npm/npm/issues>
46 verbose exit [ 1, true ]
